



Tekst pisjma

Для подтверждения регистрации пройдите по этой ссылке:http://localhost/ll/sajt1/sajt22/index.php?modules=activate&page=activate&id=41&hash=
					CBLl9KGC5Yk8c
					

Для подтверждения регистрации пройдите по этой ссылке:http://localhost/ll/sajt1/sajt22/index.php?modules=activate&page=activate&id=42&hash=
					CBdrcLivyF3Mk
					

Для подтверждения регистрации пройдите по этой ссылке:http://localhost/ll/sajt1/sajt22/index.php?modules=activate&page=activate&id=43&hash=
					CBOYfv9v7gqaw
					

Для подтверждения регистрации пройдите по этой ссылке:http://localhost/ll/sajt1/sajt22/index.php?modules=activate&page=activate&id=44&hash=
					CBn.RFfd2S4Xg
					

Для подтверждения регистрации пройдите по этой ссылке:http://localhost/ll/sajt1/sajt22/index.php?modules=activate&page=activate&id=45&hash=
					CB1sOvTczQLis
					

Для подтверждения регистрации пройдите по этой ссылке:http://localhost/ll/sajt1/sajt22/index.php?modules=activate&page=activate&id=46&hash=
					CBAmgPpEg5mL.
					

Для подтверждения регистрации пройдите по этой ссылке:http://localhost/ll/sajt1/sajt22/index.php?modules=activate&page=activate&id=47&hash=
					CB8Shb41blBgc
					

Для подтверждения регистрации пройдите по этой ссылке:http://localhost/ll/sajt1/sajt22/index.php?modules=activate&page=activate&id=48&hash=
					CBl8N.k5IDyN2
					

Для подтверждения регистрации пройдите по этой ссылке:http://localhost/ll/sajt1/sajt22/index.php?modules=activate&page=activate&id=49&hash=
					CBgK6eQaiV1vQ
					

Для подтверждения регистрации пройдите по этой ссылке:http://localhost/ll/sajt1/sajt22/index.php?modules=activate&page=activate&id=50&hash=
					CBYGPcr8VUUUk
					

Для подтверждения регистрации пройдите по этой ссылке:http://localhost/ll/sajt1/sajt22/index.php?modules=activate&page=activate&id=51&hash=
					CBqrvFbE9Z8Fc
					

Для подтверждения регистрации пройдите по этой ссылке:http://localhost/ll/sajt1/sajt22/index.php?modules=activate&page=activate&id=52&hash=
					CByTAAaWa5y9.
					

Для подтверждения регистрации пройдите по этой ссылке:http://localhost/ll/sajt1/sajt22/index.php?modules=activate&page=activate&id=53&hash=
					CB.rh75bbfIOc
					

Для подтверждения регистрации пройдите по этой ссылке:http://localhost/ll/sajt1/sajt22/index.php?modules=activate&page=activate&id=54&hash=
					CBvL5thAFyCoc
					

Для подтверждения регистрации пройдите по этой ссылке:http://localhost/ll/sajt1/sajt22/index.php?modules=activate&page=activate&id=55&hash=
					CBh335CZoMsQQ
					

Для подтверждения регистрации пройдите по этой ссылке:http://localhost/ll/sajt1/sajt22/index.php?modules=activate&page=activate&id=56&hash=
					CB0RTZdJ1Oa4A
					

Для подтверждения регистрации пройдите по этой ссылке:http://localhost/ll/sajt1/sajt22/index.php?modules=activate&page=activate&id=57&hash=
					CBfNydPUhGBgc
					

Для подтверждения регистрации пройдите по этой ссылке:http://localhost/ll/sajt1/sajt22/index.php?modules=activate&page=activate&id=58&hash=
					CBGv4.QOPtWDc
					

Для подтверждения регистрации пройдите по этой ссылке:http://localhost/ll/sajt1/sajt22/index.php?modules=activate&page=activate&id=59&hash=
					CBdKL8jenLnCk
					

Для подтверждения регистрации пройдите по этой ссылке:http://localhost/ll/sajt1/sajt22/index.php?modules=activate&page=activate&id=60&hash=
					CBgj21vpJkARM
					

Для подтверждения регистрации пройдите по этой ссылке:http://localhost/ll/sajt1/sajt22/index.php?modules=activate&page=activate&id=61&hash=
					CBGkmJubcDHVI
					

Для подтверждения регистрации пройдите по этой ссылке:http://localhost/ll/sajt1/sajt22/index.php?modules=activate&page=activate&id=62&hash=
					CBMHXpQjLJv8A
					

Для подтверждения регистрации пройдите по этой ссылке:http://localhost/ll/sajt1/sajt22/index.php?modules=activate&page=activate&id=63&hash=
					CBowenpqLoKj6
					

Для подтверждения регистрации пройдите по этой ссылке:http://localhost/ll/sajt1/sajt22/index.php?modules=activate&page=activate&id=64&hash=
					CB9oouS7F3YFg
					

